<?xml version="1.0" encoding="UTF-8"?>
<testsuite xmlns:xsi="http://www.w3.org/2001/XMLSchema-instance" xsi:noNamespaceSchemaLocation="https://maven.apache.org/surefire/maven-surefire-plugin/xsd/surefire-test-report.xsd" version="3.0.1" name="TestSuite" time="19.284" tests="2" errors="0" skipped="0" failures="0">
  <properties>
[...]
</properties>
  <testcase name="verify_account_registration" classname="testCases.TC_001_AccountRegisterationTest" time="4.709">
    <system-out><![CDATA[14:33:20.687 [main] INFO  testCases.TC_001_AccountRegisterationTest - **** starting TC_001_AccountRegisterationTest ****
14:33:20.841 [main] DEBUG testCases.TC_001_AccountRegisterationTest - Application logs started
14:33:21.600 [main] INFO  testCases.TC_001_AccountRegisterationTest - Clicked on My Account link
14:33:22.189 [main] INFO  testCases.TC_001_AccountRegisterationTest - Clicked on Registration link
14:33:22.322 [main] INFO  testCases.TC_001_AccountRegisterationTest - Entered First Name
14:33:22.431 [main] INFO  testCases.TC_001_AccountRegisterationTest - Entered Last Name
14:33:22.566 [main] INFO  testCases.TC_001_AccountRegisterationTest - Entered Email
14:33:22.653 [main] INFO  testCases.TC_001_AccountRegisterationTest - Entered Telephone
14:33:22.731 [main] INFO  testCases.TC_001_AccountRegisterationTest - Entered Password
14:33:22.821 [main] INFO  testCases.TC_001_AccountRegisterationTest - Entered Confirmation Password
14:33:22.871 [main] INFO  testCases.TC_001_AccountRegisterationTest - Select Privacy Policy checkbox
14:33:25.330 [main] INFO  testCases.TC_001_AccountRegisterationTest - Clicked on continue button
Your Account Has Been Created!
14:33:25.359 [main] INFO  testCases.TC_001_AccountRegisterationTest - Validating expected message
14:33:25.360 [main] INFO  testCases.TC_001_AccountRegisterationTest - Test Passes....
14:33:25.362 [main] DEBUG testCases.TC_001_AccountRegisterationTest - Application logs end....
14:33:25.362 [main] INFO  testCases.TC_001_AccountRegisterationTest - **** Finished TC_001_AccountRegisterationTest ****
]]></system-out>
    <system-err><![CDATA[SLF4J(W): No SLF4J providers were found.
SLF4J(W): Defaulting to no-operation (NOP) logger implementation
SLF4J(W): See https://www.slf4j.org/codes.html#noProviders for further details.
Jun 25, 2024 2:33:18 PM org.openqa.selenium.devtools.CdpVersionFinder findNearestMatch
WARNING: Unable to find an exact match for CDP version 126, returning the closest version; found: 125; Please update to a Selenium version that supports CDP version 126
]]></system-err>
  </testcase>
  <testcase name="verify_login" classname="testCases.TC_002_LoginTest" time="2.126">
    <system-out><![CDATA[14:33:27.653 [main] INFO  testCases.TC_002_LoginTest - **** Starting TC_002_LoginTest ****
14:33:27.656 [main] DEBUG testCases.TC_002_LoginTest - capturing application debug logs....
14:33:28.530 [main] INFO  testCases.TC_002_LoginTest - clicked on myaccount link on home page
14:33:28.984 [main] INFO  testCases.TC_002_LoginTest - clicked on login link
14:33:29.163 [main] INFO  testCases.TC_002_LoginTest - Email id entered
14:33:29.281 [main] INFO  testCases.TC_002_LoginTest - Password entered
14:33:29.749 [main] INFO  testCases.TC_002_LoginTest - Clicked on login button
14:33:29.778 [main] INFO  testCases.TC_002_LoginTest - Login test passed
14:33:29.778 [main] INFO  testCases.TC_002_LoginTest - **** Ending TC_002_LoginTest ****
]]></system-out>
    <system-err><![CDATA[Jun 25, 2024 2:33:25 PM org.openqa.selenium.remote.http.WebSocket$Listener onError
WARNING: Connection reset
java.net.SocketException: Connection reset
	at java.base/sun.nio.ch.SocketChannelImpl.throwConnectionReset(SocketChannelImpl.java:401)
	at java.base/sun.nio.ch.SocketChannelImpl.read(SocketChannelImpl.java:434)
	at java.net.http/jdk.internal.net.http.SocketTube.readAvailable(SocketTube.java:1178)
	at java.net.http/jdk.internal.net.http.SocketTube$InternalReadPublisher$InternalReadSubscription.read(SocketTube.java:841)
	at java.net.http/jdk.internal.net.http.SocketTube$SocketFlowTask.run(SocketTube.java:181)
	at java.net.http/jdk.internal.net.http.common.SequentialScheduler$SchedulableTask.run(SequentialScheduler.java:230)
	at java.net.http/jdk.internal.net.http.common.SequentialScheduler.runOrSchedule(SequentialScheduler.java:303)
	at java.net.http/jdk.internal.net.http.common.SequentialScheduler.runOrSchedule(SequentialScheduler.java:256)
	at java.net.http/jdk.internal.net.http.SocketTube$InternalReadPublisher$InternalReadSubscription.signalReadable(SocketTube.java:782)
	at java.net.http/jdk.internal.net.http.SocketTube$InternalReadPublisher$ReadEvent.signalEvent(SocketTube.java:965)
	at java.net.http/jdk.internal.net.http.SocketTube$SocketFlowEvent.handle(SocketTube.java:253)
	at java.net.http/jdk.internal.net.http.HttpClientImpl$SelectorManager.handleEvent(HttpClientImpl.java:1390)
	at java.net.http/jdk.internal.net.http.HttpClientImpl$SelectorManager.lambda$run$3(HttpClientImpl.java:1335)
	at java.base/java.util.ArrayList.forEach(ArrayList.java:1511)
	at java.net.http/jdk.internal.net.http.HttpClientImpl$SelectorManager.run(HttpClientImpl.java:1335)

Jun 25, 2024 2:33:26 PM org.openqa.selenium.devtools.CdpVersionFinder findNearestMatch
WARNING: Unable to find an exact match for CDP version 126, returning the closest version; found: 125; Please update to a Selenium version that supports CDP version 126
]]></system-err>
  </testcase>
</testsuite>