<?xml version="1.0" encoding="UTF-8"?>
<testng-results ignored="0" total="2" passed="2" failed="0" skipped="0">
  <reporter-output>
  </reporter-output>
  <suite started-at="2024-06-27T14:23:51 IST" name="Suite" finished-at="2024-06-27T14:24:38 IST" duration-ms="47124">
    <groups>
    </groups>
    <test started-at="2024-06-27T14:23:51 IST" name="Test" finished-at="2024-06-27T14:24:38 IST" duration-ms="47124">
      <class name="testCases.TC_001_AccountRegisterationTest">
        <test-method is-config="true" signature="setup(java.lang.String,java.lang.String)[pri:0, instance:testCases.TC_001_AccountRegisterationTest@cecf639]" started-at="2024-06-27T14:23:51 IST" name="setup" finished-at="2024-06-27T14:24:21 IST" duration-ms="30305" status="PASS">
          <params>
            <param index="0">
              <value>
                <![CDATA[Windows]]>
              </value>
            </param>
            <param index="1">
              <value>
                <![CDATA[chrome]]>
              </value>
            </param>
          </params>
          <reporter-output>
          </reporter-output>
        </test-method> <!-- setup -->
        <test-method signature="verify_account_registration()[pri:0, instance:testCases.TC_001_AccountRegisterationTest@cecf639]" started-at="2024-06-27T14:24:21 IST" name="verify_account_registration" finished-at="2024-06-27T14:24:29 IST" duration-ms="7967" status="PASS">
          <reporter-output>
          </reporter-output>
        </test-method> <!-- verify_account_registration -->
        <test-method is-config="true" signature="tearDown()[pri:0, instance:testCases.TC_001_AccountRegisterationTest@cecf639]" started-at="2024-06-27T14:24:29 IST" name="tearDown" finished-at="2024-06-27T14:24:30 IST" duration-ms="206" status="PASS">
          <reporter-output>
          </reporter-output>
        </test-method> <!-- tearDown -->
      </class> <!-- testCases.TC_001_AccountRegisterationTest -->
      <class name="testCases.TC_002_LoginTest">
        <test-method is-config="true" signature="setup(java.lang.String,java.lang.String)[pri:0, instance:testCases.TC_002_LoginTest@6c284af]" started-at="2024-06-27T14:24:30 IST" name="setup" finished-at="2024-06-27T14:24:34 IST" duration-ms="3998" status="PASS">
          <params>
            <param index="0">
              <value>
                <![CDATA[Windows]]>
              </value>
            </param>
            <param index="1">
              <value>
                <![CDATA[chrome]]>
              </value>
            </param>
          </params>
          <reporter-output>
          </reporter-output>
        </test-method> <!-- setup -->
        <test-method signature="verify_login()[pri:0, instance:testCases.TC_002_LoginTest@6c284af]" started-at="2024-06-27T14:24:34 IST" name="verify_login" finished-at="2024-06-27T14:24:38 IST" duration-ms="4132" status="PASS">
          <reporter-output>
          </reporter-output>
        </test-method> <!-- verify_login -->
        <test-method is-config="true" signature="tearDown()[pri:0, instance:testCases.TC_002_LoginTest@6c284af]" started-at="2024-06-27T14:24:38 IST" name="tearDown" finished-at="2024-06-27T14:24:38 IST" duration-ms="152" status="PASS">
          <reporter-output>
          </reporter-output>
        </test-method> <!-- tearDown -->
      </class> <!-- testCases.TC_002_LoginTest -->
    </test> <!-- Test -->
  </suite> <!-- Suite -->
</testng-results>
