<?xml version="1.0" encoding="UTF-8"?>
<testsuite xmlns:xsi="http://www.w3.org/2001/XMLSchema-instance" xsi:noNamespaceSchemaLocation="https://maven.apache.org/surefire/maven-surefire-plugin/xsd/surefire-test-report.xsd" version="3.0.1" name="TestSuite" time="51.897" tests="2" errors="0" skipped="0" failures="0">
  <properties>
[...]
</properties>
  <testcase name="verify_account_registration" classname="testCases.TC_001_AccountRegisterationTest" time="7.975">
    <system-out><![CDATA[14:24:21.939 [main] INFO  testCases.TC_001_AccountRegisterationTest - **** starting TC_001_AccountRegisterationTest ****
14:24:21.973 [main] DEBUG testCases.TC_001_AccountRegisterationTest - Application logs started
14:24:22.801 [main] INFO  testCases.TC_001_AccountRegisterationTest - Clicked on My Account link
14:24:24.979 [main] INFO  testCases.TC_001_AccountRegisterationTest - Clicked on Registration link
14:24:25.395 [main] INFO  testCases.TC_001_AccountRegisterationTest - Entered First Name
14:24:25.535 [main] INFO  testCases.TC_001_AccountRegisterationTest - Entered Last Name
14:24:25.698 [main] INFO  testCases.TC_001_AccountRegisterationTest - Entered Email
14:24:25.821 [main] INFO  testCases.TC_001_AccountRegisterationTest - Entered Telephone
14:24:25.938 [main] INFO  testCases.TC_001_AccountRegisterationTest - Entered Password
14:24:26.040 [main] INFO  testCases.TC_001_AccountRegisterationTest - Entered Confirmation Password
14:24:26.116 [main] INFO  testCases.TC_001_AccountRegisterationTest - Select Privacy Policy checkbox
14:24:29.855 [main] INFO  testCases.TC_001_AccountRegisterationTest - Clicked on continue button
Your Account Has Been Created!
14:24:29.893 [main] INFO  testCases.TC_001_AccountRegisterationTest - Validating expected message
14:24:29.893 [main] INFO  testCases.TC_001_AccountRegisterationTest - Test Passes....
14:24:29.896 [main] DEBUG testCases.TC_001_AccountRegisterationTest - Application logs end....
14:24:29.896 [main] INFO  testCases.TC_001_AccountRegisterationTest - **** Finished TC_001_AccountRegisterationTest ****
]]></system-out>
    <system-err><![CDATA[SLF4J(W): No SLF4J providers were found.
SLF4J(W): Defaulting to no-operation (NOP) logger implementation
SLF4J(W): See https://www.slf4j.org/codes.html#noProviders for further details.
Jun 27, 2024 2:24:06 PM org.openqa.selenium.devtools.CdpVersionFinder findNearestMatch
WARNING: Unable to find an exact match for CDP version 126, returning the closest version; found: 125; Please update to a Selenium version that supports CDP version 126
]]></system-err>
  </testcase>
  <testcase name="verify_login" classname="testCases.TC_002_LoginTest" time="4.132">
    <system-out><![CDATA[14:24:34.119 [main] INFO  testCases.TC_002_LoginTest - **** Starting TC_002_LoginTest ****
14:24:34.119 [main] DEBUG testCases.TC_002_LoginTest - capturing application debug logs....
14:24:35.180 [main] INFO  testCases.TC_002_LoginTest - clicked on myaccount link on home page
14:24:37.054 [main] INFO  testCases.TC_002_LoginTest - clicked on login link
14:24:37.278 [main] INFO  testCases.TC_002_LoginTest - Email id entered
14:24:37.401 [main] INFO  testCases.TC_002_LoginTest - Password entered
14:24:38.198 [main] INFO  testCases.TC_002_LoginTest - Clicked on login button
14:24:38.250 [main] INFO  testCases.TC_002_LoginTest - Login test passed
14:24:38.250 [main] INFO  testCases.TC_002_LoginTest - **** Ending TC_002_LoginTest ****
]]></system-out>
    <system-err><![CDATA[Jun 27, 2024 2:24:30 PM org.openqa.selenium.remote.http.WebSocket$Listener onError
WARNING: Connection reset
java.net.SocketException: Connection reset
	at java.base/sun.nio.ch.SocketChannelImpl.throwConnectionReset(SocketChannelImpl.java:403)
	at java.base/sun.nio.ch.SocketChannelImpl.implRead(SocketChannelImpl.java:435)
	at java.base/sun.nio.ch.SocketChannelImpl.read(SocketChannelImpl.java:493)
	at java.net.http/jdk.internal.net.http.SocketTube.readAvailable(SocketTube.java:1178)
	at java.net.http/jdk.internal.net.http.SocketTube$InternalReadPublisher$InternalReadSubscription.read(SocketTube.java:841)
	at java.net.http/jdk.internal.net.http.SocketTube$SocketFlowTask.run(SocketTube.java:181)
	at java.net.http/jdk.internal.net.http.common.SequentialScheduler$SchedulableTask.run(SequentialScheduler.java:207)
	at java.net.http/jdk.internal.net.http.common.SequentialScheduler.runOrSchedule(SequentialScheduler.java:280)
	at java.net.http/jdk.internal.net.http.common.SequentialScheduler.runOrSchedule(SequentialScheduler.java:233)
	at java.net.http/jdk.internal.net.http.SocketTube$InternalReadPublisher$InternalReadSubscription.signalReadable(SocketTube.java:782)
	at java.net.http/jdk.internal.net.http.SocketTube$InternalReadPublisher$ReadEvent.signalEvent(SocketTube.java:965)
	at java.net.http/jdk.internal.net.http.SocketTube$SocketFlowEvent.handle(SocketTube.java:253)
	at java.net.http/jdk.internal.net.http.HttpClientImpl$SelectorManager.handleEvent(HttpClientImpl.java:1476)
	at java.net.http/jdk.internal.net.http.HttpClientImpl$SelectorManager.lambda$run$3(HttpClientImpl.java:1421)
	at java.base/java.util.ArrayList.forEach(ArrayList.java:1597)
	at java.net.http/jdk.internal.net.http.HttpClientImpl$SelectorManager.run(HttpClientImpl.java:1421)

Jun 27, 2024 2:24:32 PM org.openqa.selenium.devtools.CdpVersionFinder findNearestMatch
WARNING: Unable to find an exact match for CDP version 126, returning the closest version; found: 125; Please update to a Selenium version that supports CDP version 126
]]></system-err>
  </testcase>
</testsuite>